{"level":"error","msg":"dial tcp 127.0.0.1:3306: connectex: No connection could be made because the target machine actively refused it.","time":"2022-03-22T21:01:42+07:00"}
{"data":"dial tcp 127.0.0.1:3306: connectex: No connection could be made because the target machine actively refused it.","key":"error koneksi database","level":"error","msg":"","time":"2022-03-22T21:01:42+07:00"}
{"level":"info","msg":"success connect to database","time":"2022-03-22T21:01:42+07:00"}
{"level":"error","msg":"Key: 'LoginInput.Email' Error:Field validation for 'Email' failed on the 'required' tag\nKey: 'LoginInput.Password' Error:Field validation for 'Password' failed on the 'required' tag","time":"2022-03-22T21:02:06+07:00"}
{"data":"Key: 'LoginInput.Email' Error:Field validation for 'Email' failed on the 'required' tag\nKey: 'LoginInput.Password' Error:Field validation for 'Password' failed on the 'required' tag","key":"LoginUser bind request","level":"error","msg":"","time":"2022-03-22T21:02:06+07:00"}
{"level":"error","msg":"Key: 'LoginInput.Email' Error:Field validation for 'Email' failed on the 'required' tag\nKey: 'LoginInput.Password' Error:Field validation for 'Password' failed on the 'required' tag","time":"2022-03-22T21:02:08+07:00"}
{"data":"Key: 'LoginInput.Email' Error:Field validation for 'Email' failed on the 'required' tag\nKey: 'LoginInput.Password' Error:Field validation for 'Password' failed on the 'required' tag","key":"LoginUser bind request","level":"error","msg":"","time":"2022-03-22T21:02:08+07:00"}
{"level":"error","msg":"Key: 'LoginInput.Email' Error:Field validation for 'Email' failed on the 'email' tag\nKey: 'LoginInput.Password' Error:Field validation for 'Password' failed on the 'required' tag","time":"2022-03-22T21:02:14+07:00"}
{"data":"Key: 'LoginInput.Email' Error:Field validation for 'Email' failed on the 'email' tag\nKey: 'LoginInput.Password' Error:Field validation for 'Password' failed on the 'required' tag","key":"LoginUser bind request","level":"error","msg":"","time":"2022-03-22T21:02:14+07:00"}
{"level":"error","msg":"Key: 'LoginInput.Email' Error:Field validation for 'Email' failed on the 'email' tag","time":"2022-03-22T21:02:25+07:00"}
{"data":"Key: 'LoginInput.Email' Error:Field validation for 'Email' failed on the 'email' tag","key":"LoginUser bind request","level":"error","msg":"","time":"2022-03-22T21:02:25+07:00"}
{"level":"info","msg":"success connect to database","time":"2022-03-22T21:04:13+07:00"}
{"level":"error","msg":"User not found","time":"2022-03-22T21:04:23+07:00"}
{"data":"User not found","key":"RegisterUser Create","level":"error","msg":"","time":"2022-03-22T21:04:23+07:00"}
{"level":"info","msg":"success connect to database","time":"2022-03-22T21:05:00+07:00"}
{"level":"error","msg":"record not found","time":"2022-03-22T21:05:07+07:00"}
{"data":"record not found","key":"RegisterUser Create","level":"error","msg":"","time":"2022-03-22T21:05:07+07:00"}
{"level":"error","msg":"record not found","time":"2022-03-22T21:05:08+07:00"}
{"data":"record not found","key":"RegisterUser Create","level":"error","msg":"","time":"2022-03-22T21:05:08+07:00"}
{"level":"info","msg":"success connect to database","time":"2022-03-22T21:06:15+07:00"}
{"level":"error","msg":"record not found","time":"2022-03-22T21:06:22+07:00"}
{"data":"record not found","key":"RegisterUser Create","level":"error","msg":"","time":"2022-03-22T21:06:22+07:00"}
{"level":"error","msg":"record not found","time":"2022-03-22T21:06:24+07:00"}
{"data":"record not found","key":"RegisterUser Create","level":"error","msg":"","time":"2022-03-22T21:06:24+07:00"}
{"level":"info","msg":"success connect to database","time":"2022-03-22T21:08:50+07:00"}
{"level":"error","msg":"user not found","time":"2022-03-22T21:09:18+07:00"}
{"data":"user not found","key":"RegisterUser Create","level":"error","msg":"","time":"2022-03-22T21:09:18+07:00"}
{"level":"error","msg":"user not found","time":"2022-03-22T21:12:49+07:00"}
{"data":"user not found","key":"RegisterUser Create","level":"error","msg":"","time":"2022-03-22T21:12:49+07:00"}
{"level":"info","msg":"success connect to database","time":"2022-03-22T21:15:17+07:00"}
{"level":"error","msg":"email has been registered","time":"2022-03-22T21:16:08+07:00"}
{"data":"email has been registered","key":"RegisterUser Create","level":"error","msg":"","time":"2022-03-22T21:16:08+07:00"}
{"level":"info","msg":"success connect to database","time":"2022-03-22T21:18:25+07:00"}
{"level":"info","msg":"success connect to database","time":"2022-03-22T21:30:52+07:00"}
{"level":"info","msg":"success connect to database","time":"2022-03-22T21:31:49+07:00"}
{"level":"info","msg":"success connect to database","time":"2022-03-22T21:37:34+07:00"}
{"level":"info","msg":"success connect to database","time":"2022-03-22T22:03:43+07:00"}
{"level":"info","msg":"success connect to database","time":"2022-03-22T22:04:27+07:00"}
{"level":"info","msg":"success connect to database","time":"2022-04-04T05:58:19+07:00"}
{"level":"info","msg":"success connect to database","time":"2022-04-04T06:03:10+07:00"}
{"level":"info","msg":"success connect to database","time":"2022-04-04T06:17:04+07:00"}
{"level":"info","msg":"success connect to database","time":"2022-04-04T06:24:20+07:00"}
{"level":"error","msg":"email has been registered","time":"2022-04-04T06:24:28+07:00"}
{"data":"email has been registered","key":"RegisterUser Create","level":"error","msg":"","time":"2022-04-04T06:24:28+07:00"}
{"level":"info","msg":"success connect to database","time":"2022-04-06T06:30:28+07:00"}
{"level":"error","msg":"Key: 'LoginInput.Password' Error:Field validation for 'Password' failed on the 'required' tag","time":"2022-04-06T06:31:34+07:00"}
{"data":"Key: 'LoginInput.Password' Error:Field validation for 'Password' failed on the 'required' tag","key":"LoginUser bind request","level":"error","msg":"","time":"2022-04-06T06:31:34+07:00"}
{"level":"error","msg":"Key: 'RegisterInput.Occupation' Error:Field validation for 'Occupation' failed on the 'required' tag\nKey: 'RegisterInput.Password' Error:Field validation for 'Password' failed on the 'required' tag","time":"2022-04-06T06:31:42+07:00"}
{"data":"Key: 'RegisterInput.Occupation' Error:Field validation for 'Occupation' failed on the 'required' tag\nKey: 'RegisterInput.Password' Error:Field validation for 'Password' failed on the 'required' tag","key":"RegisterUser bind request","level":"error","msg":"","time":"2022-04-06T06:31:42+07:00"}
{"level":"info","msg":"success connect to database","time":"2022-04-06T06:37:38+07:00"}
{"level":"error","msg":"Error 1045: Access denied for user 'localhost'@'localhost' (using password: NO)","time":"2022-04-06T06:41:00+07:00"}
{"data":"Error 1045: Access denied for user 'localhost'@'localhost' (using password: NO)","key":"error koneksi database","level":"error","msg":"","time":"2022-04-06T06:41:00+07:00"}
{"level":"info","msg":"success connect to database","time":"2022-04-06T06:41:00+07:00"}
{"level":"info","msg":"success connect to database","time":"2022-04-06T06:41:32+07:00"}
{"level":"info","msg":"success connect to database","time":"2022-04-06T06:44:25+07:00"}
{"level":"info","msg":"success connect to database","time":"2022-04-06T06:47:40+07:00"}
{"level":"info","msg":"success connect to database","time":"2022-04-06T06:48:38+07:00"}
{"level":"info","msg":"success connect to database","time":"2022-04-06T06:49:01+07:00"}
{"level":"info","msg":"success connect to database","time":"2022-04-08T21:36:21+07:00"}
{"level":"error","msg":"email or password wrong","time":"2022-04-08T21:36:47+07:00"}
{"data":"email or password wrong","key":"Login","level":"error","msg":"","time":"2022-04-08T21:36:47+07:00"}
{"level":"error","msg":"email or password wrong","time":"2022-04-08T21:36:51+07:00"}
{"data":"email or password wrong","key":"Login","level":"error","msg":"","time":"2022-04-08T21:36:51+07:00"}
{"level":"error","msg":"email has been registered","time":"2022-04-08T21:37:29+07:00"}
{"data":"email has been registered","key":"RegisterUser Create","level":"error","msg":"","time":"2022-04-08T21:37:29+07:00"}
{"level":"error","msg":"key is of invalid type","time":"2022-04-08T21:37:36+07:00"}
{"data":"key is of invalid type","key":"RegisterUser Token","level":"error","msg":"","time":"2022-04-08T21:37:36+07:00"}
{"level":"error","msg":"email has been registered","time":"2022-04-08T21:37:38+07:00"}
{"data":"email has been registered","key":"RegisterUser Create","level":"error","msg":"","time":"2022-04-08T21:37:38+07:00"}
{"level":"error","msg":"email has been registered","time":"2022-04-08T21:37:39+07:00"}
{"data":"email has been registered","key":"RegisterUser Create","level":"error","msg":"","time":"2022-04-08T21:37:39+07:00"}
{"level":"error","msg":"key is of invalid type","time":"2022-04-08T21:37:50+07:00"}
{"data":"key is of invalid type","key":"RegisterUser Token","level":"error","msg":"","time":"2022-04-08T21:37:50+07:00"}
{"level":"error","msg":"email has been registered","time":"2022-04-08T21:38:07+07:00"}
{"data":"email has been registered","key":"RegisterUser Create","level":"error","msg":"","time":"2022-04-08T21:38:07+07:00"}
{"level":"error","msg":"email has been registered","time":"2022-04-08T21:38:24+07:00"}
{"data":"email has been registered","key":"RegisterUser Create","level":"error","msg":"","time":"2022-04-08T21:38:24+07:00"}
{"level":"error","msg":"email has been registered","time":"2022-04-08T21:38:25+07:00"}
{"data":"email has been registered","key":"RegisterUser Create","level":"error","msg":"","time":"2022-04-08T21:38:25+07:00"}
{"level":"error","msg":"email has been registered","time":"2022-04-08T21:38:26+07:00"}
{"data":"email has been registered","key":"RegisterUser Create","level":"error","msg":"","time":"2022-04-08T21:38:26+07:00"}
{"level":"error","msg":"key is of invalid type","time":"2022-04-08T21:38:33+07:00"}
{"data":"key is of invalid type","key":"RegisterUser Token","level":"error","msg":"","time":"2022-04-08T21:38:33+07:00"}
{"level":"info","msg":"success connect to database","time":"2022-04-08T21:39:23+07:00"}
{"level":"error","msg":"email has been registered","time":"2022-04-08T21:39:34+07:00"}
{"data":"email has been registered","key":"RegisterUser Create","level":"error","msg":"","time":"2022-04-08T21:39:34+07:00"}
{"level":"error","msg":"key is of invalid type","time":"2022-04-08T21:39:50+07:00"}
{"data":"key is of invalid type","key":"RegisterUser Token","level":"error","msg":"","time":"2022-04-08T21:39:50+07:00"}
{"level":"info","msg":"success connect to database","time":"2022-04-08T21:40:44+07:00"}
{"level":"error","msg":"key is of invalid type","time":"2022-04-08T21:40:54+07:00"}
{"data":"key is of invalid type","key":"RegisterUser Token","level":"error","msg":"","time":"2022-04-08T21:40:54+07:00"}
{"level":"error","msg":"email has been registered","time":"2022-04-08T21:40:58+07:00"}
{"data":"email has been registered","key":"RegisterUser Create","level":"error","msg":"","time":"2022-04-08T21:40:58+07:00"}
{"level":"error","msg":"key is of invalid type","time":"2022-04-08T21:41:02+07:00"}
{"data":"key is of invalid type","key":"RegisterUser Token","level":"error","msg":"","time":"2022-04-08T21:41:02+07:00"}
{"level":"info","msg":"success connect to database","time":"2022-04-08T21:41:51+07:00"}
{"level":"info","msg":"success connect to database","time":"2022-04-08T21:43:09+07:00"}
{"level":"info","msg":"success connect to database","time":"2022-04-08T22:15:04+07:00"}
{"level":"error","msg":"request Content-Type isn't multipart/form-data","time":"2022-04-08T22:16:27+07:00"}
{"data":"request Content-Type isn't multipart/form-data","key":"Upload avatar request","level":"error","msg":"","time":"2022-04-08T22:16:27+07:00"}
{"level":"error","msg":"http: no such file","time":"2022-04-08T22:16:53+07:00"}
{"data":"http: no such file","key":"Upload avatar request","level":"error","msg":"","time":"2022-04-08T22:16:53+07:00"}
{"level":"error","msg":"http: no such file","time":"2022-04-08T22:17:32+07:00"}
{"data":"http: no such file","key":"Upload avatar request","level":"error","msg":"","time":"2022-04-08T22:17:32+07:00"}
{"level":"info","msg":"success connect to database","time":"2022-04-08T22:18:33+07:00"}
{"level":"error","msg":"http: no such file","time":"2022-04-08T22:19:25+07:00"}
{"data":"http: no such file","key":"Upload avatar request","level":"error","msg":"","time":"2022-04-08T22:19:25+07:00"}
{"level":"info","msg":"success connect to database","time":"2022-04-08T22:19:40+07:00"}
{"level":"error","msg":"http: no such file","time":"2022-04-08T22:19:55+07:00"}
{"data":"http: no such file","key":"Upload avatar request","level":"error","msg":"","time":"2022-04-08T22:19:55+07:00"}
{"level":"error","msg":"http: no such file","time":"2022-04-08T22:20:27+07:00"}
{"data":"http: no such file","key":"Upload avatar request","level":"error","msg":"","time":"2022-04-08T22:20:27+07:00"}
{"level":"error","msg":"http: no such file","time":"2022-04-08T22:20:30+07:00"}
{"data":"http: no such file","key":"Upload avatar request","level":"error","msg":"","time":"2022-04-08T22:20:30+07:00"}
{"level":"error","msg":"http: no such file","time":"2022-04-08T22:20:35+07:00"}
{"data":"http: no such file","key":"Upload avatar request","level":"error","msg":"","time":"2022-04-08T22:20:35+07:00"}
{"level":"error","msg":"http: no such file","time":"2022-04-08T22:20:38+07:00"}
{"data":"http: no such file","key":"Upload avatar request","level":"error","msg":"","time":"2022-04-08T22:20:38+07:00"}
{"level":"info","msg":"success connect to database","time":"2022-04-08T22:29:20+07:00"}
{"level":"error","msg":"http: no such file","time":"2022-04-08T22:30:25+07:00"}
{"data":"http: no such file","key":"Upload avatar request","level":"error","msg":"","time":"2022-04-08T22:30:25+07:00"}
{"level":"info","msg":"success connect to database","time":"2022-04-08T22:41:46+07:00"}
{"level":"info","msg":"success connect to database","time":"2022-04-08T22:42:49+07:00"}
{"level":"info","msg":"success connect to database","time":"2022-04-08T22:43:16+07:00"}
{"level":"info","msg":"success connect to database","time":"2022-04-10T15:46:07+07:00"}
{"level":"error","msg":"Key: 'LoginInput.Password' Error:Field validation for 'Password' failed on the 'required' tag","time":"2022-04-10T15:46:41+07:00"}
{"data":"Key: 'LoginInput.Password' Error:Field validation for 'Password' failed on the 'required' tag","key":"LoginUser bind request","level":"error","msg":"","time":"2022-04-10T15:46:41+07:00"}
{"level":"info","msg":"success connect to database","time":"2022-04-15T05:30:45+07:00"}
{"level":"info","msg":"success connect to database","time":"2022-04-15T05:31:36+07:00"}
{"level":"info","msg":"success connect to database","time":"2022-04-15T05:34:03+07:00"}
{"level":"info","msg":"success connect to database","time":"2022-04-17T22:01:04+07:00"}
{"level":"info","msg":"success connect to database","time":"2022-04-17T22:01:39+07:00"}
{"level":"info","msg":"success connect to database","time":"2022-04-17T22:02:09+07:00"}
{"level":"info","msg":"success connect to database","time":"2022-04-17T22:02:37+07:00"}
{"level":"info","msg":"success connect to database","time":"2022-04-17T22:04:09+07:00"}
{"level":"info","msg":"success connect to database","time":"2022-04-17T22:05:32+07:00"}
{"level":"info","msg":"success connect to database","time":"2022-04-17T22:06:00+07:00"}
{"level":"info","msg":"success connect to database","time":"2022-04-17T22:07:31+07:00"}
{"level":"info","msg":"success connect to database","time":"2022-04-17T22:23:28+07:00"}
{"level":"info","msg":"success connect to database","time":"2022-04-17T22:23:43+07:00"}
{"level":"info","msg":"success connect to database","time":"2022-04-17T22:23:51+07:00"}
{"level":"info","msg":"success connect to database","time":"2022-04-17T22:24:10+07:00"}
{"level":"info","msg":"success connect to database","time":"2022-04-17T22:40:32+07:00"}
{"level":"info","msg":"success connect to database","time":"2022-04-17T23:00:52+07:00"}
{"level":"info","msg":"success connect to database","time":"2022-04-17T23:27:22+07:00"}
{"level":"info","msg":"success connect to database","time":"2022-04-17T23:30:35+07:00"}
{"level":"info","msg":"success connect to database","time":"2022-04-17T23:37:44+07:00"}
